<?xml version="1.0" encoding="UTF-8"?>
<!-- Generated by org.testng.reporters.JUnitXMLReporter -->
<testsuite ignored="0" hostname="LAPTOP-BNKKEG7G" failures="0" tests="2" name="Default test" time="41.794" errors="0" timestamp="2023-04-11T14:48:50 IST">
  <testcase classname="vTiger.Contacts.CreateContactWithOrgNameTest" name="createContactWithOrgTest" time="23.1"/>
  <testcase classname="vTiger.Contacts.CreateContactWithOrgNameTest" name="demo" time="0.004"/>
</testsuite> <!-- Default test -->
