<?xml version="1.0" encoding="UTF-8"?>
<!-- Generated by org.testng.reporters.JUnitXMLReporter -->
<testsuite ignored="2" hostname="LAPTOP-BNKKEG7G" failures="0" tests="3" name="Test" time="37.557" errors="0" timestamp="2023-04-11T14:53:30 IST">
  <testcase classname="vTiger.Organization.OrganizationTest" name="createOrganizationTest" time="7.858"/>
  <testcase classname="vTiger.Contacts.CreateContactWithOrgNameTest" name="createContactWithOrgTest" time="13.735"/>
  <testcase classname="vTiger.Contacts.CreateContactWithOrgNameTest" name="demo" time="0.0"/>
  <testcase classname="generic_Utility.BaseClass" name="@BeforeSuite bsConfig" time="0.0">
    <ignored/>
  </testcase> <!-- @BeforeSuite bsConfig -->
  <testcase classname="generic_Utility.BaseClass" name="@AfterSuite asConfig" time="0.0">
    <ignored/>
  </testcase> <!-- @AfterSuite asConfig -->
</testsuite> <!-- Test -->
