<?xml version="1.0" encoding="UTF-8"?>
<testng-results ignored="2" total="5" passed="3" failed="0" skipped="0">
  <reporter-output>
    <line>
      <![CDATA[clicked on organization link]]>
    </line>
    <line>
      <![CDATA[clicked on create organization link]]>
    </line>
  </reporter-output>
  <suite started-at="2023-04-11T14:52:52 IST" name="Suite" finished-at="2023-04-11T14:53:30 IST" duration-ms="37557">
    <groups>
      <group name="regression">
        <method signature="CreateContactWithOrgNameTest.createContactWithOrgTest()[pri:0, instance:vTiger.Contacts.CreateContactWithOrgNameTest@3a93b025]" name="createContactWithOrgTest" class="vTiger.Contacts.CreateContactWithOrgNameTest"/>
        <method signature="CreateContactWithOrgNameTest.demo()[pri:0, instance:vTiger.Contacts.CreateContactWithOrgNameTest@3a93b025]" name="demo" class="vTiger.Contacts.CreateContactWithOrgNameTest"/>
      </group> <!-- regression -->
      <group name="smoke">
        <method signature="OrganizationTest.createOrganizationTest()[pri:0, instance:vTiger.Organization.OrganizationTest@16293aa2]" name="createOrganizationTest" class="vTiger.Organization.OrganizationTest"/>
      </group> <!-- smoke -->
    </groups>
    <test started-at="2023-04-11T14:52:52 IST" name="Test" finished-at="2023-04-11T14:53:30 IST" duration-ms="37557">
      <class name="vTiger.Contacts.CreateContactWithOrgNameTest">
        <test-method is-config="true" signature="bcConfig()[pri:0, instance:vTiger.Contacts.CreateContactWithOrgNameTest@3a93b025]" started-at="2023-04-11T14:53:07 IST" name="bcConfig" finished-at="2023-04-11T14:53:08 IST" duration-ms="1469" status="PASS">
          <reporter-output>
          </reporter-output>
        </test-method> <!-- bcConfig -->
        <test-method is-config="true" signature="bmConfig()[pri:0, instance:vTiger.Contacts.CreateContactWithOrgNameTest@3a93b025]" started-at="2023-04-11T14:53:08 IST" name="bmConfig" finished-at="2023-04-11T14:53:10 IST" duration-ms="2280" status="PASS">
          <reporter-output>
          </reporter-output>
        </test-method> <!-- bmConfig -->
        <test-method signature="createContactWithOrgTest()[pri:0, instance:vTiger.Contacts.CreateContactWithOrgNameTest@3a93b025]" started-at="2023-04-11T14:53:10 IST" name="createContactWithOrgTest" finished-at="2023-04-11T14:53:24 IST" duration-ms="13735" status="PASS">
          <reporter-output>
          </reporter-output>
        </test-method> <!-- createContactWithOrgTest -->
        <test-method is-config="true" signature="amConfig()[pri:0, instance:vTiger.Contacts.CreateContactWithOrgNameTest@3a93b025]" started-at="2023-04-11T14:53:24 IST" name="amConfig" finished-at="2023-04-11T14:53:25 IST" duration-ms="1030" status="PASS">
          <reporter-output>
          </reporter-output>
        </test-method> <!-- amConfig -->
        <test-method is-config="true" signature="bmConfig()[pri:0, instance:vTiger.Contacts.CreateContactWithOrgNameTest@3a93b025]" started-at="2023-04-11T14:53:25 IST" name="bmConfig" finished-at="2023-04-11T14:53:27 IST" duration-ms="1729" status="PASS">
          <reporter-output>
          </reporter-output>
        </test-method> <!-- bmConfig -->
        <test-method is-config="true" signature="amConfig()[pri:0, instance:vTiger.Contacts.CreateContactWithOrgNameTest@3a93b025]" started-at="2023-04-11T14:53:27 IST" name="amConfig" finished-at="2023-04-11T14:53:29 IST" duration-ms="2467" status="PASS">
          <reporter-output>
          </reporter-output>
        </test-method> <!-- amConfig -->
        <test-method signature="demo()[pri:0, instance:vTiger.Contacts.CreateContactWithOrgNameTest@3a93b025]" started-at="2023-04-11T14:53:27 IST" name="demo" finished-at="2023-04-11T14:53:27 IST" duration-ms="0" status="PASS">
          <reporter-output>
          </reporter-output>
        </test-method> <!-- demo -->
        <test-method is-config="true" signature="acConfig()[pri:0, instance:vTiger.Contacts.CreateContactWithOrgNameTest@3a93b025]" started-at="2023-04-11T14:53:29 IST" name="acConfig" finished-at="2023-04-11T14:53:30 IST" duration-ms="182" status="PASS">
          <reporter-output>
          </reporter-output>
        </test-method> <!-- acConfig -->
      </class> <!-- vTiger.Contacts.CreateContactWithOrgNameTest -->
      <class name="vTiger.Organization.OrganizationTest">
        <test-method is-config="true" signature="bsConfig()[pri:0, instance:vTiger.Organization.OrganizationTest@16293aa2]" started-at="2023-04-11T14:52:52 IST" name="bsConfig" finished-at="2023-04-11T14:52:52 IST" duration-ms="10" status="PASS">
          <reporter-output>
          </reporter-output>
        </test-method> <!-- bsConfig -->
        <test-method is-config="true" signature="bcConfig()[pri:0, instance:vTiger.Organization.OrganizationTest@16293aa2]" started-at="2023-04-11T14:52:52 IST" name="bcConfig" finished-at="2023-04-11T14:52:55 IST" duration-ms="2919" status="PASS">
          <reporter-output>
          </reporter-output>
        </test-method> <!-- bcConfig -->
        <test-method is-config="true" signature="bmConfig()[pri:0, instance:vTiger.Organization.OrganizationTest@16293aa2]" started-at="2023-04-11T14:52:55 IST" name="bmConfig" finished-at="2023-04-11T14:52:58 IST" duration-ms="2383" status="PASS">
          <reporter-output>
          </reporter-output>
        </test-method> <!-- bmConfig -->
        <test-method signature="createOrganizationTest()[pri:0, instance:vTiger.Organization.OrganizationTest@16293aa2]" started-at="2023-04-11T14:52:58 IST" name="createOrganizationTest" finished-at="2023-04-11T14:53:05 IST" duration-ms="7858" status="PASS">
          <reporter-output>
            <line>
              <![CDATA[clicked on organization link]]>
            </line>
            <line>
              <![CDATA[clicked on create organization link]]>
            </line>
          </reporter-output>
        </test-method> <!-- createOrganizationTest -->
        <test-method is-config="true" signature="amConfig()[pri:0, instance:vTiger.Organization.OrganizationTest@16293aa2]" started-at="2023-04-11T14:53:05 IST" name="amConfig" finished-at="2023-04-11T14:53:06 IST" duration-ms="1007" status="PASS">
          <reporter-output>
          </reporter-output>
        </test-method> <!-- amConfig -->
        <test-method is-config="true" signature="acConfig()[pri:0, instance:vTiger.Organization.OrganizationTest@16293aa2]" started-at="2023-04-11T14:53:06 IST" name="acConfig" finished-at="2023-04-11T14:53:07 IST" duration-ms="193" status="PASS">
          <reporter-output>
          </reporter-output>
        </test-method> <!-- acConfig -->
        <test-method is-config="true" signature="asConfig()[pri:0, instance:vTiger.Organization.OrganizationTest@16293aa2]" started-at="2023-04-11T14:53:30 IST" name="asConfig" finished-at="2023-04-11T14:53:30 IST" duration-ms="0" status="PASS">
          <reporter-output>
          </reporter-output>
        </test-method> <!-- asConfig -->
      </class> <!-- vTiger.Organization.OrganizationTest -->
    </test> <!-- Test -->
  </suite> <!-- Suite -->
</testng-results>
